mode: count
be12/mentutor/features/mentee/services/logic.go:13.61,17.2 1 10
be12/mentutor/features/mentee/services/logic.go:19.100,21.16 2 0
be12/mentutor/features/mentee/services/logic.go:24.2,24.17 1 0
be12/mentutor/features/mentee/services/logic.go:21.16,23.3 1 0
be12/mentutor/features/mentee/services/logic.go:27.93,28.54 1 3
be12/mentutor/features/mentee/services/logic.go:31.2,33.16 3 2
be12/mentutor/features/mentee/services/logic.go:36.2,36.18 1 1
be12/mentutor/features/mentee/services/logic.go:28.54,30.3 1 1
be12/mentutor/features/mentee/services/logic.go:33.16,35.3 1 1
be12/mentutor/features/mentee/services/logic.go:39.106,41.16 2 2
be12/mentutor/features/mentee/services/logic.go:44.2,44.43 1 1
be12/mentutor/features/mentee/services/logic.go:41.16,43.3 1 1
be12/mentutor/features/mentee/services/logic.go:47.59,49.16 2 0
be12/mentutor/features/mentee/services/logic.go:52.2,52.22 1 0
be12/mentutor/features/mentee/services/logic.go:49.16,51.3 1 0
be12/mentutor/features/mentee/services/logic.go:54.88,55.54 1 3
be12/mentutor/features/mentee/services/logic.go:58.2,59.18 2 2
be12/mentutor/features/mentee/services/logic.go:55.54,57.3 1 1
be12/mentutor/features/mentee/services/logic.go:61.87,63.16 2 2
be12/mentutor/features/mentee/services/logic.go:66.2,66.18 1 1
be12/mentutor/features/mentee/services/logic.go:63.16,65.3 1 1
be12/mentutor/features/mentee/services/logic.go:69.101,71.16 2 0
be12/mentutor/features/mentee/services/logic.go:74.2,75.18 2 0
be12/mentutor/features/mentee/services/logic.go:71.16,73.3 1 0
